<?xml version="1.0" encoding="UTF-8"?>
<!-- Generated by org.testng.reporters.JUnitReportReporter -->
<testsuite hostname="jahanara" failures="0" tests="1" name="com.page.objectmodel.com.ValidLOgin" time="6.149" errors="0" timestamp="2023-06-25T11:53:57 CDT" skipped="0">
  <testcase classname="com.page.objectmodel.com.ValidLOgin" name="loginWithValidCredentials" time="6.149"/>
  <system-out/>
</testsuite> <!-- com.page.objectmodel.com.ValidLOgin -->
