<?xml version="1.0" encoding="UTF-8"?>
<!-- Generated by org.testng.reporters.JUnitReportReporter -->
<testsuite hostname="jahanara" failures="0" tests="1" name="com.page.objectmodel.com.PracticeNa" time="5.865" errors="0" timestamp="2023-06-25T11:50:57 CDT" skipped="0">
  <testcase classname="com.page.objectmodel.com.PracticeNa" name="verifyingLoginWithValidCredentials" time="5.865"/>
  <system-out/>
</testsuite> <!-- com.page.objectmodel.com.PracticeNa -->
