<?xml version="1.0" encoding="UTF-8"?>
<!-- Generated by org.testng.reporters.JUnitReportReporter -->
<testsuite hostname="jahanara" failures="0" tests="1" name="com.page.objectmodel.com.ValidationOfLogin" time="5.770" errors="0" timestamp="2023-06-25T11:53:23 CDT" skipped="0">
  <testcase classname="com.page.objectmodel.com.ValidationOfLogin" name="verifyingLoginWithValidCredentials" time="5.770"/>
  <system-out/>
</testsuite> <!-- com.page.objectmodel.com.ValidationOfLogin -->
